Release 14.7 - ngc2edif P.20131013 (nt64)
Copyright (c) 1995-2013 Xilinx, Inc.  All rights reserved.
Reading design HDMIoutput.ngc ...
WARNING:NetListWriters:298 - No output is written to HDMIoutput.xncf, ignored.
Processing design ...
   Preping design's networks ...
   Preping design's macros ...
WARNING:NetListWriters:306 - Signal bus red<7 : 0> on block HDMIoutput is not
   reconstructed, because there are some missing bus signals.
WARNING:NetListWriters:306 - Signal bus encode_B/Maccum_balance_acc_lut<3 : 0>
   on block HDMIoutput is not reconstructed, because there are some missing bus
   signals.
WARNING:NetListWriters:306 - Signal bus
   encode_B/TMDS_code[9]_TMDS_data[9]_mux_36_OUT<7 : 0> on block HDMIoutput is
   not reconstructed, because there are some missing bus signals.
WARNING:NetListWriters:306 - Signal bus
   encode_G/TMDS_code[9]_TMDS_data[9]_mux_36_OUT<7 : 0> on block HDMIoutput is
   not reconstructed, because there are some missing bus signals.
WARNING:NetListWriters:306 - Signal bus encode_R/Maccum_balance_acc_lut<3 : 0>
   on block HDMIoutput is not reconstructed, because there are some missing bus
   signals.
WARNING:NetListWriters:306 - Signal bus
   encode_R/TMDS_code[9]_TMDS_data[9]_mux_36_OUT<7 : 0> on block HDMIoutput is
   not reconstructed, because there are some missing bus signals.
  finished :Prep
Writing EDIF netlist file HDMIoutput.edif ...
ngc2edif: Total memory usage is 79732 kilobytes

