Release 14.7 - ngc2edif P.20131013 (nt64)
Copyright (c) 1995-2013 Xilinx, Inc.  All rights reserved.
Reading design LoboVIC.ngc ...
WARNING:NetListWriters:298 - No output is written to LoboVIC.xncf, ignored.
Processing design ...
   Preping design's networks ...
   Preping design's macros ...
WARNING:NetListWriters:306 - Signal bus Mmux_vmemabus_mod_rs_lut<15 : 8> on
   block LoboVIC is not reconstructed, because there are some missing bus
   signals.
WARNING:NetListWriters:306 - Signal bus HDMIout/Maccum_vmemabus_lut<15 : 0> on
   block LoboVIC is not reconstructed, because there are some missing bus
   signals.
WARNING:NetListWriters:306 - Signal bus HDMIout/encode_G/TMDS<9 : 0> on block
   LoboVIC is not reconstructed, because there are some missing bus signals.
WARNING:NetListWriters:306 - Signal bus HDMIout/encode_R/TMDS<9 : 0> on block
   LoboVIC is not reconstructed, because there are some missing bus signals.
WARNING:NetListWriters:306 - Signal bus
   HDMIout/encode_B/TMDS_code[9]_TMDS_data[9]_mux_36_OUT<7 : 5> on block LoboVIC
   is not reconstructed, because there are some missing bus signals.
WARNING:NetListWriters:306 - Signal bus HDMIout/encode_G/q_m<7 : 1> on block
   LoboVIC is not reconstructed, because there are some missing bus signals.
WARNING:NetListWriters:306 - Signal bus
   HDMIout/encode_G/TMDS_code[9]_TMDS_data[9]_mux_36_OUT<7 : 0> on block LoboVIC
   is not reconstructed, because there are some missing bus signals.
WARNING:NetListWriters:306 - Signal bus HDMIout/encode_R/q_m<7 : 1> on block
   LoboVIC is not reconstructed, because there are some missing bus signals.
WARNING:NetListWriters:306 - Signal bus
   HDMIout/encode_R/TMDS_code[9]_TMDS_data[9]_mux_36_OUT<7 : 0> on block LoboVIC
   is not reconstructed, because there are some missing bus signals.
  finished :Prep
Writing EDIF netlist file LoboVIC.edif ...
ngc2edif: Total memory usage is 79528 kilobytes

Release 14.7 - ngc2edif P.20131013 (nt64)
Copyright (c) 1995-2013 Xilinx, Inc.  All rights reserved.
Reading design charrom_CP865.ngc ...
WARNING:NetListWriters:298 - No output is written to charrom_CP865.xncf,
   ignored.
Processing design ...
   Preping design's networks ...
   Preping design's macros ...
  finished :Prep
Writing EDIF netlist file charrom_CP865.edif ...
ngc2edif: Total memory usage is 79848 kilobytes

Release 14.7 - ngc2edif P.20131013 (nt64)
Copyright (c) 1995-2013 Xilinx, Inc.  All rights reserved.
Reading design video_mem.ngc ...
WARNING:NetListWriters:298 - No output is written to video_mem.xncf, ignored.
Processing design ...
   Preping design's networks ...
   Preping design's macros ...
  finished :Prep
Writing EDIF netlist file video_mem.edif ...
ngc2edif: Total memory usage is 80552 kilobytes

Release 14.7 - ngc2edif P.20131013 (nt64)
Copyright (c) 1995-2013 Xilinx, Inc.  All rights reserved.
Reading design colour_mem.ngc ...
WARNING:NetListWriters:298 - No output is written to colour_mem.xncf, ignored.
Processing design ...
   Preping design's networks ...
   Preping design's macros ...
  finished :Prep
Writing EDIF netlist file colour_mem.edif ...
ngc2edif: Total memory usage is 80872 kilobytes

Release 14.7 - ngc2edif P.20131013 (nt64)
Copyright (c) 1995-2013 Xilinx, Inc.  All rights reserved.
Reading design LoboVIC.ngc ...
WARNING:NetListWriters:298 - No output is written to LoboVIC.xncf, ignored.
Processing design ...
   Preping design's networks ...
   Preping design's macros ...
WARNING:NetListWriters:306 - Signal bus Mmux_vmemabus_mod_rs_lut<15 : 8> on
   block LoboVIC is not reconstructed, because there are some missing bus
   signals.
WARNING:NetListWriters:306 - Signal bus HDMIout/Maccum_vmemabus_lut<15 : 0> on
   block LoboVIC is not reconstructed, because there are some missing bus
   signals.
WARNING:NetListWriters:306 - Signal bus HDMIout/encode_G/TMDS<9 : 0> on block
   LoboVIC is not reconstructed, because there are some missing bus signals.
WARNING:NetListWriters:306 - Signal bus HDMIout/encode_R/TMDS<9 : 0> on block
   LoboVIC is not reconstructed, because there are some missing bus signals.
WARNING:NetListWriters:306 - Signal bus
   HDMIout/encode_B/TMDS_code[9]_TMDS_data[9]_mux_36_OUT<7 : 5> on block LoboVIC
   is not reconstructed, because there are some missing bus signals.
WARNING:NetListWriters:306 - Signal bus HDMIout/encode_G/q_m<7 : 1> on block
   LoboVIC is not reconstructed, because there are some missing bus signals.
WARNING:NetListWriters:306 - Signal bus
   HDMIout/encode_G/TMDS_code[9]_TMDS_data[9]_mux_36_OUT<7 : 0> on block LoboVIC
   is not reconstructed, because there are some missing bus signals.
WARNING:NetListWriters:306 - Signal bus HDMIout/encode_R/q_m<7 : 1> on block
   LoboVIC is not reconstructed, because there are some missing bus signals.
WARNING:NetListWriters:306 - Signal bus
   HDMIout/encode_R/TMDS_code[9]_TMDS_data[9]_mux_36_OUT<7 : 0> on block LoboVIC
   is not reconstructed, because there are some missing bus signals.
  finished :Prep
Writing EDIF netlist file LoboVIC.edif ...
ngc2edif: Total memory usage is 80040 kilobytes

Release 14.7 - ngc2edif P.20131013 (nt64)
Copyright (c) 1995-2013 Xilinx, Inc.  All rights reserved.
Reading design charrom_CP865.ngc ...
WARNING:NetListWriters:298 - No output is written to charrom_CP865.xncf,
   ignored.
Processing design ...
   Preping design's networks ...
   Preping design's macros ...
  finished :Prep
Writing EDIF netlist file charrom_CP865.edif ...
ngc2edif: Total memory usage is 79912 kilobytes

Release 14.7 - ngc2edif P.20131013 (nt64)
Copyright (c) 1995-2013 Xilinx, Inc.  All rights reserved.
Reading design video_mem.ngc ...
WARNING:NetListWriters:298 - No output is written to video_mem.xncf, ignored.
Processing design ...
   Preping design's networks ...
   Preping design's macros ...
  finished :Prep
Writing EDIF netlist file video_mem.edif ...
ngc2edif: Total memory usage is 80232 kilobytes

Release 14.7 - ngc2edif P.20131013 (nt64)
Copyright (c) 1995-2013 Xilinx, Inc.  All rights reserved.
Reading design colour_mem.ngc ...
WARNING:NetListWriters:298 - No output is written to colour_mem.xncf, ignored.
Processing design ...
   Preping design's networks ...
   Preping design's macros ...
  finished :Prep
Writing EDIF netlist file colour_mem.edif ...
ngc2edif: Total memory usage is 80808 kilobytes

Release 14.7 - ngc2edif P.20131013 (nt64)
Copyright (c) 1995-2013 Xilinx, Inc.  All rights reserved.
Reading design LoboVIC.ngc ...
WARNING:NetListWriters:298 - No output is written to LoboVIC.xncf, ignored.
Processing design ...
   Preping design's networks ...
   Preping design's macros ...
WARNING:NetListWriters:306 - Signal bus Mmux_vmemabus_mod_rs_lut<15 : 8> on
   block LoboVIC is not reconstructed, because there are some missing bus
   signals.
WARNING:NetListWriters:306 - Signal bus HDMIout/Maccum_vmemabus_lut<15 : 0> on
   block LoboVIC is not reconstructed, because there are some missing bus
   signals.
WARNING:NetListWriters:306 - Signal bus HDMIout/encode_G/TMDS<9 : 0> on block
   LoboVIC is not reconstructed, because there are some missing bus signals.
WARNING:NetListWriters:306 - Signal bus HDMIout/encode_R/TMDS<9 : 0> on block
   LoboVIC is not reconstructed, because there are some missing bus signals.
WARNING:NetListWriters:306 - Signal bus
   HDMIout/encode_B/TMDS_code[9]_TMDS_data[9]_mux_36_OUT<7 : 5> on block LoboVIC
   is not reconstructed, because there are some missing bus signals.
WARNING:NetListWriters:306 - Signal bus HDMIout/encode_G/q_m<7 : 1> on block
   LoboVIC is not reconstructed, because there are some missing bus signals.
WARNING:NetListWriters:306 - Signal bus
   HDMIout/encode_G/TMDS_code[9]_TMDS_data[9]_mux_36_OUT<7 : 0> on block LoboVIC
   is not reconstructed, because there are some missing bus signals.
WARNING:NetListWriters:306 - Signal bus HDMIout/encode_R/q_m<7 : 1> on block
   LoboVIC is not reconstructed, because there are some missing bus signals.
WARNING:NetListWriters:306 - Signal bus
   HDMIout/encode_R/TMDS_code[9]_TMDS_data[9]_mux_36_OUT<7 : 0> on block LoboVIC
   is not reconstructed, because there are some missing bus signals.
  finished :Prep
Writing EDIF netlist file LoboVIC.edif ...
ngc2edif: Total memory usage is 79912 kilobytes

Release 14.7 - ngc2edif P.20131013 (nt64)
Copyright (c) 1995-2013 Xilinx, Inc.  All rights reserved.
Reading design charrom_CP865.ngc ...
WARNING:NetListWriters:298 - No output is written to charrom_CP865.xncf,
   ignored.
Processing design ...
   Preping design's networks ...
   Preping design's macros ...
  finished :Prep
Writing EDIF netlist file charrom_CP865.edif ...
ngc2edif: Total memory usage is 80040 kilobytes

Release 14.7 - ngc2edif P.20131013 (nt64)
Copyright (c) 1995-2013 Xilinx, Inc.  All rights reserved.
Reading design video_mem.ngc ...
WARNING:NetListWriters:298 - No output is written to video_mem.xncf, ignored.
Processing design ...
   Preping design's networks ...
   Preping design's macros ...
  finished :Prep
Writing EDIF netlist file video_mem.edif ...
ngc2edif: Total memory usage is 80552 kilobytes

Release 14.7 - ngc2edif P.20131013 (nt64)
Copyright (c) 1995-2013 Xilinx, Inc.  All rights reserved.
Reading design colour_mem.ngc ...
WARNING:NetListWriters:298 - No output is written to colour_mem.xncf, ignored.
Processing design ...
   Preping design's networks ...
   Preping design's macros ...
  finished :Prep
Writing EDIF netlist file colour_mem.edif ...
ngc2edif: Total memory usage is 81384 kilobytes

Release 14.7 - ngc2edif P.20131013 (nt64)
Copyright (c) 1995-2013 Xilinx, Inc.  All rights reserved.
Reading design LoboVIC.ngc ...
WARNING:NetListWriters:298 - No output is written to LoboVIC.xncf, ignored.
Processing design ...
   Preping design's networks ...
   Preping design's macros ...
WARNING:NetListWriters:306 - Signal bus Mmux_vmemabus_mod_rs_lut<15 : 8> on
   block LoboVIC is not reconstructed, because there are some missing bus
   signals.
WARNING:NetListWriters:306 - Signal bus HDMIout/Maccum_vmemabus_lut<15 : 0> on
   block LoboVIC is not reconstructed, because there are some missing bus
   signals.
WARNING:NetListWriters:306 - Signal bus HDMIout/encode_G/TMDS<9 : 0> on block
   LoboVIC is not reconstructed, because there are some missing bus signals.
WARNING:NetListWriters:306 - Signal bus HDMIout/encode_R/TMDS<9 : 0> on block
   LoboVIC is not reconstructed, because there are some missing bus signals.
WARNING:NetListWriters:306 - Signal bus
   HDMIout/encode_B/TMDS_code[9]_TMDS_data[9]_mux_36_OUT<7 : 5> on block LoboVIC
   is not reconstructed, because there are some missing bus signals.
WARNING:NetListWriters:306 - Signal bus HDMIout/encode_G/q_m<7 : 1> on block
   LoboVIC is not reconstructed, because there are some missing bus signals.
WARNING:NetListWriters:306 - Signal bus
   HDMIout/encode_G/TMDS_code[9]_TMDS_data[9]_mux_36_OUT<7 : 0> on block LoboVIC
   is not reconstructed, because there are some missing bus signals.
WARNING:NetListWriters:306 - Signal bus HDMIout/encode_R/q_m<7 : 1> on block
   LoboVIC is not reconstructed, because there are some missing bus signals.
WARNING:NetListWriters:306 - Signal bus
   HDMIout/encode_R/TMDS_code[9]_TMDS_data[9]_mux_36_OUT<7 : 0> on block LoboVIC
   is not reconstructed, because there are some missing bus signals.
  finished :Prep
Writing EDIF netlist file LoboVIC.edif ...
ngc2edif: Total memory usage is 79528 kilobytes

Release 14.7 - ngc2edif P.20131013 (nt64)
Copyright (c) 1995-2013 Xilinx, Inc.  All rights reserved.
Reading design charrom_CP865.ngc ...
WARNING:NetListWriters:298 - No output is written to charrom_CP865.xncf,
   ignored.
Processing design ...
   Preping design's networks ...
   Preping design's macros ...
  finished :Prep
Writing EDIF netlist file charrom_CP865.edif ...
ngc2edif: Total memory usage is 79336 kilobytes

Release 14.7 - ngc2edif P.20131013 (nt64)
Copyright (c) 1995-2013 Xilinx, Inc.  All rights reserved.
Reading design video_mem.ngc ...
WARNING:NetListWriters:298 - No output is written to video_mem.xncf, ignored.
Processing design ...
   Preping design's networks ...
   Preping design's macros ...
  finished :Prep
Writing EDIF netlist file video_mem.edif ...
ngc2edif: Total memory usage is 80552 kilobytes

Release 14.7 - ngc2edif P.20131013 (nt64)
Copyright (c) 1995-2013 Xilinx, Inc.  All rights reserved.
Reading design colour_mem.ngc ...
WARNING:NetListWriters:298 - No output is written to colour_mem.xncf, ignored.
Processing design ...
   Preping design's networks ...
   Preping design's macros ...
  finished :Prep
Writing EDIF netlist file colour_mem.edif ...
ngc2edif: Total memory usage is 81576 kilobytes

Release 14.7 - ngc2edif P.20131013 (nt64)
Copyright (c) 1995-2013 Xilinx, Inc.  All rights reserved.
Reading design LoboVIC.ngc ...
WARNING:NetListWriters:298 - No output is written to LoboVIC.xncf, ignored.
Processing design ...
   Preping design's networks ...
   Preping design's macros ...
WARNING:NetListWriters:306 - Signal bus Mmux_vmemabus_mod_rs_lut<15 : 8> on
   block LoboVIC is not reconstructed, because there are some missing bus
   signals.
WARNING:NetListWriters:306 - Signal bus HDMIout/Maccum_vmemabus_lut<15 : 0> on
   block LoboVIC is not reconstructed, because there are some missing bus
   signals.
WARNING:NetListWriters:306 - Signal bus HDMIout/encode_G/TMDS<9 : 0> on block
   LoboVIC is not reconstructed, because there are some missing bus signals.
WARNING:NetListWriters:306 - Signal bus HDMIout/encode_R/TMDS<9 : 0> on block
   LoboVIC is not reconstructed, because there are some missing bus signals.
WARNING:NetListWriters:306 - Signal bus
   HDMIout/encode_B/TMDS_code[9]_TMDS_data[9]_mux_36_OUT<7 : 5> on block LoboVIC
   is not reconstructed, because there are some missing bus signals.
WARNING:NetListWriters:306 - Signal bus HDMIout/encode_G/q_m<7 : 1> on block
   LoboVIC is not reconstructed, because there are some missing bus signals.
WARNING:NetListWriters:306 - Signal bus
   HDMIout/encode_G/TMDS_code[9]_TMDS_data[9]_mux_36_OUT<7 : 0> on block LoboVIC
   is not reconstructed, because there are some missing bus signals.
WARNING:NetListWriters:306 - Signal bus HDMIout/encode_R/q_m<7 : 1> on block
   LoboVIC is not reconstructed, because there are some missing bus signals.
WARNING:NetListWriters:306 - Signal bus
   HDMIout/encode_R/TMDS_code[9]_TMDS_data[9]_mux_36_OUT<7 : 0> on block LoboVIC
   is not reconstructed, because there are some missing bus signals.
  finished :Prep
Writing EDIF netlist file LoboVIC.edif ...
ngc2edif: Total memory usage is 75488 kilobytes

Release 14.7 - ngc2edif P.20131013 (nt64)
Copyright (c) 1995-2013 Xilinx, Inc.  All rights reserved.
Reading design charrom_CP865.ngc ...
WARNING:NetListWriters:298 - No output is written to charrom_CP865.xncf,
   ignored.
Processing design ...
   Preping design's networks ...
   Preping design's macros ...
  finished :Prep
Writing EDIF netlist file charrom_CP865.edif ...
ngc2edif: Total memory usage is 75936 kilobytes

Release 14.7 - ngc2edif P.20131013 (nt64)
Copyright (c) 1995-2013 Xilinx, Inc.  All rights reserved.
Reading design video_mem.ngc ...
WARNING:NetListWriters:298 - No output is written to video_mem.xncf, ignored.
Processing design ...
   Preping design's networks ...
   Preping design's macros ...
  finished :Prep
Writing EDIF netlist file video_mem.edif ...
ngc2edif: Total memory usage is 76512 kilobytes

Release 14.7 - ngc2edif P.20131013 (nt64)
Copyright (c) 1995-2013 Xilinx, Inc.  All rights reserved.
Reading design colour_mem.ngc ...
WARNING:NetListWriters:298 - No output is written to colour_mem.xncf, ignored.
Processing design ...
   Preping design's networks ...
   Preping design's macros ...
  finished :Prep
Writing EDIF netlist file colour_mem.edif ...
ngc2edif: Total memory usage is 77536 kilobytes

Release 14.7 - ngc2edif P.20131013 (nt64)
Copyright (c) 1995-2013 Xilinx, Inc.  All rights reserved.
Reading design LoboVIC.ngc ...
WARNING:NetListWriters:298 - No output is written to LoboVIC.xncf, ignored.
Processing design ...
   Preping design's networks ...
   Preping design's macros ...
WARNING:NetListWriters:306 - Signal bus Mmux_vmemabus_mod_rs_lut<15 : 8> on
   block LoboVIC is not reconstructed, because there are some missing bus
   signals.
WARNING:NetListWriters:306 - Signal bus HDMIout/Maccum_vmemabus_lut<15 : 0> on
   block LoboVIC is not reconstructed, because there are some missing bus
   signals.
WARNING:NetListWriters:306 - Signal bus HDMIout/encode_G/TMDS<9 : 0> on block
   LoboVIC is not reconstructed, because there are some missing bus signals.
WARNING:NetListWriters:306 - Signal bus HDMIout/encode_R/TMDS<9 : 0> on block
   LoboVIC is not reconstructed, because there are some missing bus signals.
WARNING:NetListWriters:306 - Signal bus
   HDMIout/encode_B/TMDS_code[9]_TMDS_data[9]_mux_36_OUT<7 : 5> on block LoboVIC
   is not reconstructed, because there are some missing bus signals.
WARNING:NetListWriters:306 - Signal bus HDMIout/encode_G/q_m<7 : 1> on block
   LoboVIC is not reconstructed, because there are some missing bus signals.
WARNING:NetListWriters:306 - Signal bus
   HDMIout/encode_G/TMDS_code[9]_TMDS_data[9]_mux_36_OUT<7 : 0> on block LoboVIC
   is not reconstructed, because there are some missing bus signals.
WARNING:NetListWriters:306 - Signal bus HDMIout/encode_R/q_m<7 : 1> on block
   LoboVIC is not reconstructed, because there are some missing bus signals.
WARNING:NetListWriters:306 - Signal bus
   HDMIout/encode_R/TMDS_code[9]_TMDS_data[9]_mux_36_OUT<7 : 0> on block LoboVIC
   is not reconstructed, because there are some missing bus signals.
  finished :Prep
Writing EDIF netlist file LoboVIC.edif ...
ngc2edif: Total memory usage is 75488 kilobytes

Release 14.7 - ngc2edif P.20131013 (nt64)
Copyright (c) 1995-2013 Xilinx, Inc.  All rights reserved.
Reading design charrom_CP865.ngc ...
WARNING:NetListWriters:298 - No output is written to charrom_CP865.xncf,
   ignored.
Processing design ...
   Preping design's networks ...
   Preping design's macros ...
  finished :Prep
Writing EDIF netlist file charrom_CP865.edif ...
ngc2edif: Total memory usage is 75872 kilobytes

Release 14.7 - ngc2edif P.20131013 (nt64)
Copyright (c) 1995-2013 Xilinx, Inc.  All rights reserved.
Reading design video_mem.ngc ...
WARNING:NetListWriters:298 - No output is written to video_mem.xncf, ignored.
Processing design ...
   Preping design's networks ...
   Preping design's macros ...
  finished :Prep
Writing EDIF netlist file video_mem.edif ...
ngc2edif: Total memory usage is 76832 kilobytes

Release 14.7 - ngc2edif P.20131013 (nt64)
Copyright (c) 1995-2013 Xilinx, Inc.  All rights reserved.
Reading design colour_mem.ngc ...
WARNING:NetListWriters:298 - No output is written to colour_mem.xncf, ignored.
Processing design ...
   Preping design's networks ...
   Preping design's macros ...
  finished :Prep
Writing EDIF netlist file colour_mem.edif ...
ngc2edif: Total memory usage is 77536 kilobytes

Release 14.7 - ngc2edif P.20131013 (nt64)
Copyright (c) 1995-2013 Xilinx, Inc.  All rights reserved.
Reading design LoboVIC.ngc ...
WARNING:NetListWriters:298 - No output is written to LoboVIC.xncf, ignored.
Processing design ...
   Preping design's networks ...
   Preping design's macros ...
WARNING:NetListWriters:306 - Signal bus vmemabus<14 : 0> on block LoboVIC is not
   reconstructed, because there are some missing bus signals.
WARNING:NetListWriters:306 - Signal bus
   Mmux_vmemabus[15]_vmemabus[15]_mux_2_OUT_rs_lut<15 : 8> on block LoboVIC is
   not reconstructed, because there are some missing bus signals.
WARNING:NetListWriters:306 - Signal bus HDMIout/Maccum_vmemabus_Gfx1_lut<15 : 0>
   on block LoboVIC is not reconstructed, because there are some missing bus
   signals.
WARNING:NetListWriters:306 - Signal bus HDMIout/Maccum_vmemabus_Txt1_lut<15 : 0>
   on block LoboVIC is not reconstructed, because there are some missing bus
   signals.
WARNING:NetListWriters:306 - Signal bus HDMIout/encode_G/TMDS<9 : 0> on block
   LoboVIC is not reconstructed, because there are some missing bus signals.
WARNING:NetListWriters:306 - Signal bus HDMIout/encode_R/TMDS<9 : 0> on block
   LoboVIC is not reconstructed, because there are some missing bus signals.
WARNING:NetListWriters:306 - Signal bus
   HDMIout/encode_G/TMDS_code[9]_TMDS_data[9]_mux_36_OUT<9 : 0> on block LoboVIC
   is not reconstructed, because there are some missing bus signals.
WARNING:NetListWriters:306 - Signal bus
   HDMIout/encode_R/TMDS_code[9]_TMDS_data[9]_mux_36_OUT<9 : 0> on block LoboVIC
   is not reconstructed, because there are some missing bus signals.
  finished :Prep
Writing EDIF netlist file LoboVIC.edif ...
ngc2edif: Total memory usage is 80728 kilobytes

Release 14.7 - ngc2edif P.20131013 (nt64)
Copyright (c) 1995-2013 Xilinx, Inc.  All rights reserved.
Reading design colour_mem.ngc ...
WARNING:NetListWriters:298 - No output is written to colour_mem.xncf, ignored.
Processing design ...
   Preping design's networks ...
   Preping design's macros ...
  finished :Prep
Writing EDIF netlist file colour_mem.edif ...
ngc2edif: Total memory usage is 80984 kilobytes

Release 14.7 - ngc2edif P.20131013 (nt64)
Copyright (c) 1995-2013 Xilinx, Inc.  All rights reserved.
Reading design video_mem.ngc ...
WARNING:NetListWriters:298 - No output is written to video_mem.xncf, ignored.
Processing design ...
   Preping design's networks ...
   Preping design's macros ...
  finished :Prep
Writing EDIF netlist file video_mem.edif ...
ngc2edif: Total memory usage is 80024 kilobytes

Release 14.7 - ngc2edif P.20131013 (nt64)
Copyright (c) 1995-2013 Xilinx, Inc.  All rights reserved.
Reading design charrom_CP865.ngc ...
WARNING:NetListWriters:298 - No output is written to charrom_CP865.xncf,
   ignored.
Processing design ...
   Preping design's networks ...
   Preping design's macros ...
  finished :Prep
Writing EDIF netlist file charrom_CP865.edif ...
ngc2edif: Total memory usage is 79000 kilobytes

Release 14.7 - ngc2edif P.20131013 (nt64)
Copyright (c) 1995-2013 Xilinx, Inc.  All rights reserved.
Reading design LoboVIC.ngc ...
WARNING:NetListWriters:298 - No output is written to LoboVIC.xncf, ignored.
Processing design ...
   Preping design's networks ...
   Preping design's macros ...
WARNING:NetListWriters:306 - Signal bus vmemabus<14 : 0> on block LoboVIC is not
   reconstructed, because there are some missing bus signals.
WARNING:NetListWriters:306 - Signal bus
   Mmux_vmemabus[15]_vmemabus[15]_mux_2_OUT_rs_lut<15 : 8> on block LoboVIC is
   not reconstructed, because there are some missing bus signals.
WARNING:NetListWriters:306 - Signal bus HDMIout/Maccum_vmemabus_Gfx1_lut<15 : 0>
   on block LoboVIC is not reconstructed, because there are some missing bus
   signals.
WARNING:NetListWriters:306 - Signal bus HDMIout/Maccum_vmemabus_Txt1_lut<15 : 0>
   on block LoboVIC is not reconstructed, because there are some missing bus
   signals.
WARNING:NetListWriters:306 - Signal bus HDMIout/encode_G/TMDS<9 : 0> on block
   LoboVIC is not reconstructed, because there are some missing bus signals.
WARNING:NetListWriters:306 - Signal bus HDMIout/encode_R/TMDS<9 : 0> on block
   LoboVIC is not reconstructed, because there are some missing bus signals.
WARNING:NetListWriters:306 - Signal bus
   HDMIout/encode_G/TMDS_code[9]_TMDS_data[9]_mux_36_OUT<9 : 0> on block LoboVIC
   is not reconstructed, because there are some missing bus signals.
WARNING:NetListWriters:306 - Signal bus
   HDMIout/encode_R/TMDS_code[9]_TMDS_data[9]_mux_36_OUT<9 : 0> on block LoboVIC
   is not reconstructed, because there are some missing bus signals.
  finished :Prep
Writing EDIF netlist file LoboVIC.edif ...
ngc2edif: Total memory usage is 81112 kilobytes

Release 14.7 - ngc2edif P.20131013 (nt64)
Copyright (c) 1995-2013 Xilinx, Inc.  All rights reserved.
Reading design LoboVIC.ngc ...
WARNING:NetListWriters:298 - No output is written to LoboVIC.xncf, ignored.
Processing design ...
   Preping design's networks ...
   Preping design's macros ...
WARNING:NetListWriters:306 - Signal bus vmemabus<14 : 0> on block LoboVIC is not
   reconstructed, because there are some missing bus signals.
WARNING:NetListWriters:306 - Signal bus
   Mmux_vmemabus[15]_vmemabus[15]_mux_2_OUT_rs_lut<15 : 8> on block LoboVIC is
   not reconstructed, because there are some missing bus signals.
WARNING:NetListWriters:306 - Signal bus HDMIout/Maccum_vmemabus_Gfx1_lut<15 : 0>
   on block LoboVIC is not reconstructed, because there are some missing bus
   signals.
WARNING:NetListWriters:306 - Signal bus HDMIout/Maccum_vmemabus_Txt1_lut<15 : 0>
   on block LoboVIC is not reconstructed, because there are some missing bus
   signals.
WARNING:NetListWriters:306 - Signal bus HDMIout/encode_G/TMDS<9 : 0> on block
   LoboVIC is not reconstructed, because there are some missing bus signals.
WARNING:NetListWriters:306 - Signal bus HDMIout/encode_R/TMDS<9 : 0> on block
   LoboVIC is not reconstructed, because there are some missing bus signals.
WARNING:NetListWriters:306 - Signal bus
   HDMIout/encode_G/TMDS_code[9]_TMDS_data[9]_mux_36_OUT<9 : 0> on block LoboVIC
   is not reconstructed, because there are some missing bus signals.
WARNING:NetListWriters:306 - Signal bus
   HDMIout/encode_R/TMDS_code[9]_TMDS_data[9]_mux_36_OUT<9 : 0> on block LoboVIC
   is not reconstructed, because there are some missing bus signals.
  finished :Prep
Writing EDIF netlist file LoboVIC.edif ...
ngc2edif: Total memory usage is 81048 kilobytes

Release 14.7 - ngc2edif P.20131013 (nt64)
Copyright (c) 1995-2013 Xilinx, Inc.  All rights reserved.
Reading design LoboVIC.ngc ...
WARNING:NetListWriters:298 - No output is written to LoboVIC.xncf, ignored.
Processing design ...
   Preping design's networks ...
   Preping design's macros ...
WARNING:NetListWriters:306 - Signal bus vmemabus<14 : 0> on block LoboVIC is not
   reconstructed, because there are some missing bus signals.
WARNING:NetListWriters:306 - Signal bus
   Mmux_vmemabus[15]_vmemabus[15]_mux_2_OUT_rs_lut<15 : 8> on block LoboVIC is
   not reconstructed, because there are some missing bus signals.
WARNING:NetListWriters:306 - Signal bus HDMIout/Maccum_vmemabus_Gfx1_lut<15 : 0>
   on block LoboVIC is not reconstructed, because there are some missing bus
   signals.
WARNING:NetListWriters:306 - Signal bus HDMIout/Maccum_vmemabus_Txt1_lut<15 : 0>
   on block LoboVIC is not reconstructed, because there are some missing bus
   signals.
WARNING:NetListWriters:306 - Signal bus HDMIout/encode_G/TMDS<9 : 0> on block
   LoboVIC is not reconstructed, because there are some missing bus signals.
WARNING:NetListWriters:306 - Signal bus HDMIout/encode_R/TMDS<9 : 0> on block
   LoboVIC is not reconstructed, because there are some missing bus signals.
WARNING:NetListWriters:306 - Signal bus
   HDMIout/encode_G/TMDS_code[9]_TMDS_data[9]_mux_36_OUT<9 : 0> on block LoboVIC
   is not reconstructed, because there are some missing bus signals.
WARNING:NetListWriters:306 - Signal bus
   HDMIout/encode_R/TMDS_code[9]_TMDS_data[9]_mux_36_OUT<9 : 0> on block LoboVIC
   is not reconstructed, because there are some missing bus signals.
  finished :Prep
Writing EDIF netlist file LoboVIC.edif ...
ngc2edif: Total memory usage is 81048 kilobytes

Release 14.7 - ngc2edif P.20131013 (nt64)
Copyright (c) 1995-2013 Xilinx, Inc.  All rights reserved.
Reading design colour_mem.ngc ...
WARNING:NetListWriters:298 - No output is written to colour_mem.xncf, ignored.
Processing design ...
   Preping design's networks ...
   Preping design's macros ...
  finished :Prep
Writing EDIF netlist file colour_mem.edif ...
ngc2edif: Total memory usage is 80600 kilobytes

Release 14.7 - ngc2edif P.20131013 (nt64)
Copyright (c) 1995-2013 Xilinx, Inc.  All rights reserved.
Reading design video_mem.ngc ...
WARNING:NetListWriters:298 - No output is written to video_mem.xncf, ignored.
Processing design ...
   Preping design's networks ...
   Preping design's macros ...
  finished :Prep
Writing EDIF netlist file video_mem.edif ...
ngc2edif: Total memory usage is 80024 kilobytes

Release 14.7 - ngc2edif P.20131013 (nt64)
Copyright (c) 1995-2013 Xilinx, Inc.  All rights reserved.
Reading design charrom_CP865.ngc ...
WARNING:NetListWriters:298 - No output is written to charrom_CP865.xncf,
   ignored.
Processing design ...
   Preping design's networks ...
   Preping design's macros ...
  finished :Prep
Writing EDIF netlist file charrom_CP865.edif ...
ngc2edif: Total memory usage is 79000 kilobytes

Release 14.7 - ngc2edif P.20131013 (nt64)
Copyright (c) 1995-2013 Xilinx, Inc.  All rights reserved.
Reading design LoboVIC.ngc ...
WARNING:NetListWriters:298 - No output is written to LoboVIC.xncf, ignored.
Processing design ...
   Preping design's networks ...
   Preping design's macros ...
WARNING:NetListWriters:306 - Signal bus vmemabus<14 : 0> on block LoboVIC is not
   reconstructed, because there are some missing bus signals.
WARNING:NetListWriters:306 - Signal bus
   Mmux_vmemabus[15]_vmemabus[15]_mux_2_OUT_rs_lut<15 : 8> on block LoboVIC is
   not reconstructed, because there are some missing bus signals.
WARNING:NetListWriters:306 - Signal bus HDMIout/Maccum_vmemabus_Gfx1_lut<15 : 0>
   on block LoboVIC is not reconstructed, because there are some missing bus
   signals.
WARNING:NetListWriters:306 - Signal bus HDMIout/Maccum_vmemabus_Txt1_lut<15 : 0>
   on block LoboVIC is not reconstructed, because there are some missing bus
   signals.
WARNING:NetListWriters:306 - Signal bus HDMIout/encode_G/TMDS<9 : 0> on block
   LoboVIC is not reconstructed, because there are some missing bus signals.
WARNING:NetListWriters:306 - Signal bus HDMIout/encode_R/TMDS<9 : 0> on block
   LoboVIC is not reconstructed, because there are some missing bus signals.
WARNING:NetListWriters:306 - Signal bus
   HDMIout/encode_G/TMDS_code[9]_TMDS_data[9]_mux_36_OUT<9 : 0> on block LoboVIC
   is not reconstructed, because there are some missing bus signals.
WARNING:NetListWriters:306 - Signal bus
   HDMIout/encode_R/TMDS_code[9]_TMDS_data[9]_mux_36_OUT<9 : 0> on block LoboVIC
   is not reconstructed, because there are some missing bus signals.
  finished :Prep
Writing EDIF netlist file LoboVIC.edif ...
ngc2edif: Total memory usage is 81048 kilobytes

Release 14.7 - ngc2edif P.20131013 (nt64)
Copyright (c) 1995-2013 Xilinx, Inc.  All rights reserved.
Reading design colour_mem.ngc ...
WARNING:NetListWriters:298 - No output is written to colour_mem.xncf, ignored.
Processing design ...
   Preping design's networks ...
   Preping design's macros ...
  finished :Prep
Writing EDIF netlist file colour_mem.edif ...
ngc2edif: Total memory usage is 80216 kilobytes

Release 14.7 - ngc2edif P.20131013 (nt64)
Copyright (c) 1995-2013 Xilinx, Inc.  All rights reserved.
Reading design video_mem.ngc ...
WARNING:NetListWriters:298 - No output is written to video_mem.xncf, ignored.
Processing design ...
   Preping design's networks ...
   Preping design's macros ...
  finished :Prep
Writing EDIF netlist file video_mem.edif ...
ngc2edif: Total memory usage is 80216 kilobytes

Release 14.7 - ngc2edif P.20131013 (nt64)
Copyright (c) 1995-2013 Xilinx, Inc.  All rights reserved.
Reading design charrom_CP865.ngc ...
WARNING:NetListWriters:298 - No output is written to charrom_CP865.xncf,
   ignored.
Processing design ...
   Preping design's networks ...
   Preping design's macros ...
  finished :Prep
Writing EDIF netlist file charrom_CP865.edif ...
ngc2edif: Total memory usage is 78808 kilobytes

Release 14.7 - ngc2edif P.20131013 (nt64)
Copyright (c) 1995-2013 Xilinx, Inc.  All rights reserved.
Reading design LoboVIC.ngc ...
WARNING:NetListWriters:298 - No output is written to LoboVIC.xncf, ignored.
Processing design ...
   Preping design's networks ...
   Preping design's macros ...
WARNING:NetListWriters:306 - Signal bus vmemabus<14 : 0> on block LoboVIC is not
   reconstructed, because there are some missing bus signals.
WARNING:NetListWriters:306 - Signal bus
   Mmux_vmemabus[15]_vmemabus[15]_mux_2_OUT_rs_lut<15 : 8> on block LoboVIC is
   not reconstructed, because there are some missing bus signals.
WARNING:NetListWriters:306 - Signal bus HDMIout/Maccum_vmemabus_Gfx1_lut<15 : 0>
   on block LoboVIC is not reconstructed, because there are some missing bus
   signals.
WARNING:NetListWriters:306 - Signal bus HDMIout/Maccum_vmemabus_Txt1_lut<15 : 0>
   on block LoboVIC is not reconstructed, because there are some missing bus
   signals.
WARNING:NetListWriters:306 - Signal bus HDMIout/encode_G/TMDS<9 : 0> on block
   LoboVIC is not reconstructed, because there are some missing bus signals.
WARNING:NetListWriters:306 - Signal bus HDMIout/encode_R/TMDS<9 : 0> on block
   LoboVIC is not reconstructed, because there are some missing bus signals.
WARNING:NetListWriters:306 - Signal bus
   HDMIout/encode_G/TMDS_code[9]_TMDS_data[9]_mux_36_OUT<9 : 0> on block LoboVIC
   is not reconstructed, because there are some missing bus signals.
WARNING:NetListWriters:306 - Signal bus
   HDMIout/encode_R/TMDS_code[9]_TMDS_data[9]_mux_36_OUT<9 : 0> on block LoboVIC
   is not reconstructed, because there are some missing bus signals.
  finished :Prep
Writing EDIF netlist file LoboVIC.edif ...
ngc2edif: Total memory usage is 81048 kilobytes

Release 14.7 - ngc2edif P.20131013 (nt64)
Copyright (c) 1995-2013 Xilinx, Inc.  All rights reserved.
Reading design colour_mem.ngc ...
WARNING:NetListWriters:298 - No output is written to colour_mem.xncf, ignored.
Processing design ...
   Preping design's networks ...
   Preping design's macros ...
  finished :Prep
Writing EDIF netlist file colour_mem.edif ...
ngc2edif: Total memory usage is 81048 kilobytes

Release 14.7 - ngc2edif P.20131013 (nt64)
Copyright (c) 1995-2013 Xilinx, Inc.  All rights reserved.
Reading design video_mem.ngc ...
WARNING:NetListWriters:298 - No output is written to video_mem.xncf, ignored.
Processing design ...
   Preping design's networks ...
   Preping design's macros ...
  finished :Prep
Writing EDIF netlist file video_mem.edif ...
ngc2edif: Total memory usage is 79576 kilobytes

Release 14.7 - ngc2edif P.20131013 (nt64)
Copyright (c) 1995-2013 Xilinx, Inc.  All rights reserved.
Reading design charrom_CP865.ngc ...
WARNING:NetListWriters:298 - No output is written to charrom_CP865.xncf,
   ignored.
Processing design ...
   Preping design's networks ...
   Preping design's macros ...
  finished :Prep
Writing EDIF netlist file charrom_CP865.edif ...
ngc2edif: Total memory usage is 79000 kilobytes

Release 14.7 - ngc2edif P.20131013 (nt64)
Copyright (c) 1995-2013 Xilinx, Inc.  All rights reserved.
Reading design LoboVIC.ngc ...
WARNING:NetListWriters:298 - No output is written to LoboVIC.xncf, ignored.
Processing design ...
   Preping design's networks ...
   Preping design's macros ...
WARNING:NetListWriters:306 - Signal bus vmemabus<14 : 0> on block LoboVIC is not
   reconstructed, because there are some missing bus signals.
WARNING:NetListWriters:306 - Signal bus
   Mmux_vmemabus[15]_vmemabus[15]_mux_2_OUT_rs_lut<15 : 8> on block LoboVIC is
   not reconstructed, because there are some missing bus signals.
WARNING:NetListWriters:306 - Signal bus HDMIout/Maccum_vmemabus_Gfx1_lut<15 : 0>
   on block LoboVIC is not reconstructed, because there are some missing bus
   signals.
WARNING:NetListWriters:306 - Signal bus HDMIout/Maccum_vmemabus_Txt1_lut<15 : 0>
   on block LoboVIC is not reconstructed, because there are some missing bus
   signals.
WARNING:NetListWriters:306 - Signal bus HDMIout/encode_G/TMDS<9 : 0> on block
   LoboVIC is not reconstructed, because there are some missing bus signals.
WARNING:NetListWriters:306 - Signal bus HDMIout/encode_R/TMDS<9 : 0> on block
   LoboVIC is not reconstructed, because there are some missing bus signals.
WARNING:NetListWriters:306 - Signal bus
   HDMIout/encode_G/TMDS_code[9]_TMDS_data[9]_mux_36_OUT<9 : 0> on block LoboVIC
   is not reconstructed, because there are some missing bus signals.
WARNING:NetListWriters:306 - Signal bus
   HDMIout/encode_R/TMDS_code[9]_TMDS_data[9]_mux_36_OUT<9 : 0> on block LoboVIC
   is not reconstructed, because there are some missing bus signals.
  finished :Prep
Writing EDIF netlist file LoboVIC.edif ...
ngc2edif: Total memory usage is 81048 kilobytes

Release 14.7 - ngc2edif P.20131013 (nt64)
Copyright (c) 1995-2013 Xilinx, Inc.  All rights reserved.
Reading design colour_mem.ngc ...
WARNING:NetListWriters:298 - No output is written to colour_mem.xncf, ignored.
Processing design ...
   Preping design's networks ...
   Preping design's macros ...
  finished :Prep
Writing EDIF netlist file colour_mem.edif ...
ngc2edif: Total memory usage is 81048 kilobytes

Release 14.7 - ngc2edif P.20131013 (nt64)
Copyright (c) 1995-2013 Xilinx, Inc.  All rights reserved.
Reading design video_mem.ngc ...
WARNING:NetListWriters:298 - No output is written to video_mem.xncf, ignored.
Processing design ...
   Preping design's networks ...
   Preping design's macros ...
  finished :Prep
Writing EDIF netlist file video_mem.edif ...
ngc2edif: Total memory usage is 80024 kilobytes

Release 14.7 - ngc2edif P.20131013 (nt64)
Copyright (c) 1995-2013 Xilinx, Inc.  All rights reserved.
Reading design charrom_CP865.ngc ...
WARNING:NetListWriters:298 - No output is written to charrom_CP865.xncf,
   ignored.
Processing design ...
   Preping design's networks ...
   Preping design's macros ...
  finished :Prep
Writing EDIF netlist file charrom_CP865.edif ...
ngc2edif: Total memory usage is 79512 kilobytes

