INFO:sim:172 - Generating IP...
Applying current project options...
Finished applying current project options.
WARNING:sim - A core named 'colour_mem' already exists in the project. Output
   products for this core may be overwritten.
Resolving generics for 'colour_mem'...
WARNING:sim - A core named 'colour_mem' already exists in the project. Output
   products for this core may be overwritten.
Applying external generics to 'colour_mem'...
Delivering associated files for 'colour_mem'...
Delivering EJava files for 'colour_mem'...
Generating implementation netlist for 'colour_mem'...
INFO:sim - Pre-processing HDL files for 'colour_mem'...
Running synthesis for 'colour_mem'
Running ngcbuild...
Writing VEO instantiation template for 'colour_mem'...
Writing Verilog behavioral simulation model for 'colour_mem'...
WARNING:sim - Overwriting existing file
   C:/Users/Trond/FPGA/LoboVIC/ipcore_dir/tmp/_cg/colour_mem/doc/dist_mem_gen_v7
   _2_vinfo.html with file from view xilinx_documentation
Delivered 2 files into directory
C:/Users/Trond/FPGA/LoboVIC/ipcore_dir/tmp/_cg/colour_mem
Generating ASY schematic symbol...
INFO:sim:949 - Finished generation of ASY schematic symbol.
Generating SYM schematic symbol for 'colour_mem'...
Generating metadata file...
Regenerating ISE project file for 'colour_mem'...
Generating ISE project...
XCO file found: colour_mem.xco
XMDF file found: colour_mem_xmdf.tcl
Adding C:/Users/Trond/FPGA/LoboVIC/ipcore_dir/tmp/_cg/colour_mem.asy -view all
-origin_type imported
Adding C:/Users/Trond/FPGA/LoboVIC/ipcore_dir/tmp/_cg/colour_mem.ngc -view all
-origin_type created
Checking file "C:/Users/Trond/FPGA/LoboVIC/ipcore_dir/tmp/_cg/colour_mem.ngc"
for project device match ...
File "C:/Users/Trond/FPGA/LoboVIC/ipcore_dir/tmp/_cg/colour_mem.ngc" device
information matches project device.
Adding C:/Users/Trond/FPGA/LoboVIC/ipcore_dir/tmp/_cg/colour_mem.sym -view all
-origin_type imported
Adding C:/Users/Trond/FPGA/LoboVIC/ipcore_dir/tmp/_cg/colour_mem.v -view all
-origin_type created
INFO:HDLCompiler:1845 - Analyzing Verilog file
   "C:/Users/Trond/FPGA/LoboVIC/ipcore_dir/tmp/_cg/colour_mem.v" into library
   work
INFO:ProjectMgmt - Parsing design hierarchy completed successfully.
Adding C:/Users/Trond/FPGA/LoboVIC/ipcore_dir/tmp/_cg/colour_mem.veo -view all
-origin_type imported
INFO:TclTasksC:2116 - The automatic calculation of top has been turned-off.
   Please set the new top explicitly by running the "project set top" command.
   To re-calculate the new top automatically, set the "Auto Implementation Top"
   property to true.
Top level has been set to "/colour_mem"
Generating README file...
Generating FLIST file...
INFO:sim:948 - Finished FLIST file generation.
Launching README viewer...
Moving files to output directory...
Finished moving files to output directory
Wrote CGP file for project 'colour_mem'.
